<?xml version="1.0" encoding="UTF-8"?>
<testsuite name="com.iisaka.cypher2sql.SchemaDefinitionJsonTest" tests="2" skipped="0" failures="0" errors="0" timestamp="2026-02-12T18:18:20.423Z" hostname="decapod.local" time="0.079">
  <properties/>
  <testcase name="throwsWhenEdgeKindIsMissing()" classname="com.iisaka.cypher2sql.SchemaDefinitionJsonTest" time="0.078"/>
  <testcase name="loadsSchemaFromJsonString()" classname="com.iisaka.cypher2sql.SchemaDefinitionJsonTest" time="0.001"/>
  <system-out><![CDATA[]]></system-out>
  <system-err><![CDATA[]]></system-err>
</testsuite>
