<?xml version="1.0" encoding="UTF-8"?>
<testsuite name="com.iisaka.cypher2sql.CypherPatternExtractorTest" tests="3" skipped="0" failures="0" errors="0" timestamp="2026-02-12T18:18:20.221Z" hostname="decapod.local" time="0.156">
  <properties/>
  <testcase name="throwsWhenNodeVariableIsMissing()" classname="com.iisaka.cypher2sql.CypherPatternExtractorTest" time="0.153"/>
  <testcase name="parsesRightToLeftEdgeDirection()" classname="com.iisaka.cypher2sql.CypherPatternExtractorTest" time="0.002"/>
  <testcase name="parsesUndirectedEdgeDirection()" classname="com.iisaka.cypher2sql.CypherPatternExtractorTest" time="0.0"/>
  <system-out><![CDATA[]]></system-out>
  <system-err><![CDATA[]]></system-err>
</testsuite>
