<?xml version="1.0" encoding="UTF-8"?>
<testsuite name="com.iisaka.cypher2sql.CypherSqlIntegrationTest" tests="7" skipped="0" failures="0" errors="0" timestamp="2026-02-12T18:18:20.379Z" hostname="decapod.local" time="0.043">
  <properties/>
  <testcase name="throwsForVariableLengthTraversalPlaceholder()" classname="com.iisaka.cypher2sql.CypherSqlIntegrationTest" time="0.021"/>
  <testcase name="rendersOneToManyJoinWhenParentIsLeftNode()" classname="com.iisaka.cypher2sql.CypherSqlIntegrationTest" time="0.008"/>
  <testcase name="throwsForMultiHopTraversalPlaceholder()" classname="com.iisaka.cypher2sql.CypherSqlIntegrationTest" time="0.003"/>
  <testcase name="rendersOneToManyJoinWhenParentIsRightNode()" classname="com.iisaka.cypher2sql.CypherSqlIntegrationTest" time="0.002"/>
  <testcase name="rendersSelfReferentialJoin()" classname="com.iisaka.cypher2sql.CypherSqlIntegrationTest" time="0.001"/>
  <testcase name="parsesCypherAndRendersSql()" classname="com.iisaka.cypher2sql.CypherSqlIntegrationTest" time="0.002"/>
  <testcase name="throwsWhenPatternIsMissing()" classname="com.iisaka.cypher2sql.CypherSqlIntegrationTest" time="0.004"/>
  <system-out><![CDATA[]]></system-out>
  <system-err><![CDATA[]]></system-err>
</testsuite>
