<?xml version="1.0" encoding="UTF-8"?>
<testsuite name="com.iisaka.cypher2sql.SchemaDefinitionJsonTest" tests="2" skipped="0" failures="0" errors="0" timestamp="2026-02-11T21:13:17.875Z" hostname="Mac.hsd1.ca.comcast.net" time="0.08">
  <properties/>
  <testcase name="throwsWhenEdgeKindIsMissing()" classname="com.iisaka.cypher2sql.SchemaDefinitionJsonTest" time="0.078"/>
  <testcase name="loadsSchemaFromJsonString()" classname="com.iisaka.cypher2sql.SchemaDefinitionJsonTest" time="0.001"/>
  <system-out><![CDATA[]]></system-out>
  <system-err><![CDATA[]]></system-err>
</testsuite>
